<?xml version="1.0" encoding="UTF-8"?>
<!-- Generated by org.testng.reporters.JUnitXMLReporter -->
<testsuite ignored="0" hostname="ATMECSINDT-083" failures="0" tests="6" name="Default test" time="74.339" errors="0" timestamp="03 Oct 2019 13:16:41 GMT">
  <testcase classname="com.AtmecsAutomation.TestScript.ValidateHomePage" name="clickExploreNow" time="8.397"/>
  <testcase classname="com.AtmecsAutomation.TestScript.ValidateHomePage" name="validatePageLoadedOrNotAndBreadCrumb" time="5.911"/>
  <testcase classname="com.AtmecsAutomation.TestScript.ValidateHomePage" name="validatePageLoadedOrNotAndBreadCrumb" time="6.255"/>
  <testcase classname="com.AtmecsAutomation.TestScript.ValidateHomePage" name="validatePageLoadedOrNotAndBreadCrumb" time="8.161"/>
  <testcase classname="com.AtmecsAutomation.TestScript.ValidateHomePage" name="validatePageLoadedOrNotAndBreadCrumb" time="5.87"/>
  <testcase classname="com.AtmecsAutomation.TestScript.ValidateHomePage" name="validatePageLoadedOrNotAndBreadCrumb" time="5.298"/>
</testsuite> <!-- Default test -->
