<?xml version="1.0" encoding="UTF-8"?>
<!-- Generated by org.testng.reporters.JUnitXMLReporter -->
<testsuite ignored="1" hostname="ATMECSINDT-083" failures="0" tests="6" name="Test" time="73.334" errors="0" timestamp="03 Oct 2019 15:08:27 GMT">
  <testcase classname="com.AtmecsAutomation.TestScript.ValidateHomePage" name="clickExploreNow" time="8.861"/>
  <testcase classname="com.AtmecsAutomation.TestScript.ValidateHomePage" name="validatePageLoadedOrNotAndBreadCrumb" time="6.084"/>
  <testcase classname="com.AtmecsAutomation.TestScript.ValidateHomePage" name="validatePageLoadedOrNotAndBreadCrumb" time="7.094"/>
  <testcase classname="com.AtmecsAutomation.TestScript.ValidateHomePage" name="validatePageLoadedOrNotAndBreadCrumb" time="5.441"/>
  <testcase classname="com.AtmecsAutomation.TestScript.ValidateHomePage" name="validatePageLoadedOrNotAndBreadCrumb" time="5.423"/>
  <testcase classname="com.AtmecsAutomation.TestScript.ValidateHomePage" name="validatePageLoadedOrNotAndBreadCrumb" time="5.521"/>
  <testcase classname="com.AtmecsAutomation.Report.ExtentReport" name="@BeforeSuite startReport" time="0.0">
    <ignored/>
  </testcase> <!-- @BeforeSuite startReport -->
</testsuite> <!-- Test -->
