<?xml version="1.0" encoding="UTF-8"?>
<testng-results ignored="0" total="6" passed="6" failed="0" skipped="0">
  <reporter-output>
  </reporter-output>
  <suite started-at="2019-10-03T13:15:26Z" name="Default suite" finished-at="2019-10-03T13:16:40Z" duration-ms="74339">
    <groups>
    </groups>
    <test started-at="2019-10-03T13:15:26Z" name="Default test" finished-at="2019-10-03T13:16:40Z" duration-ms="74339">
      <class name="com.AtmecsAutomation.TestScript.ValidateHomePage">
        <test-method is-config="true" signature="startReport()[pri:0, instance:com.AtmecsAutomation.TestScript.ValidateHomePage@6e75aa0d]" started-at="2019-10-03T18:45:25Z" name="startReport" finished-at="2019-10-03T18:45:26Z" duration-ms="708" status="PASS">
          <reporter-output>
          </reporter-output>
        </test-method> <!-- startReport -->
        <test-method is-config="true" signature="setup()[pri:0, instance:com.AtmecsAutomation.TestScript.ValidateHomePage@6e75aa0d]" started-at="2019-10-03T18:45:26Z" name="setup" finished-at="2019-10-03T18:45:50Z" duration-ms="24253" status="PASS">
          <reporter-output>
          </reporter-output>
        </test-method> <!-- setup -->
        <test-method signature="clickExploreNow()[pri:0, instance:com.AtmecsAutomation.TestScript.ValidateHomePage@6e75aa0d]" started-at="2019-10-03T18:45:50Z" name="clickExploreNow" finished-at="2019-10-03T18:45:59Z" duration-ms="8397" status="PASS">
          <reporter-output>
          </reporter-output>
        </test-method> <!-- clickExploreNow -->
        <test-method is-config="true" signature="tearDown(org.testng.ITestResult)[pri:0, instance:com.AtmecsAutomation.TestScript.ValidateHomePage@6e75aa0d]" started-at="2019-10-03T18:45:59Z" name="tearDown" finished-at="2019-10-03T18:46:01Z" duration-ms="2266" status="PASS">
          <params>
            <param index="0">
              <value>
                <![CDATA[[TestResult name=clickExploreNow status=SUCCESS method=ValidateHomePage.clickExploreNow()[pri:0, instance:com.AtmecsAutomation.TestScript.ValidateHomePage@6e75aa0d] output={null}]]]>
              </value>
            </param>
          </params>
          <reporter-output>
          </reporter-output>
        </test-method> <!-- tearDown -->
        <test-method signature="validatePageLoadedOrNotAndBreadCrumb(java.lang.String, java.lang.String)[pri:1, instance:com.AtmecsAutomation.TestScript.ValidateHomePage@6e75aa0d]" started-at="2019-10-03T18:46:03Z" name="validatePageLoadedOrNotAndBreadCrumb" data-provider="moreInfoLink" finished-at="2019-10-03T18:46:09Z" duration-ms="5911" status="PASS">
          <params>
            <param index="0">
              <value>
                <![CDATA[(//a[@class='btn outline-btn'])[1]]]>
              </value>
            </param>
            <param index="1">
              <value>
                <![CDATA[Home › Services › Digital Life › Artificial Intelligence / Machine Learning]]>
              </value>
            </param>
          </params>
          <reporter-output>
          </reporter-output>
        </test-method> <!-- validatePageLoadedOrNotAndBreadCrumb -->
        <test-method is-config="true" signature="tearDown(org.testng.ITestResult)[pri:0, instance:com.AtmecsAutomation.TestScript.ValidateHomePage@6e75aa0d]" started-at="2019-10-03T18:46:09Z" name="tearDown" finished-at="2019-10-03T18:46:11Z" duration-ms="1261" status="PASS">
          <params>
            <param index="0">
              <value>
                <![CDATA[[TestResult name=validatePageLoadedOrNotAndBreadCrumb status=SUCCESS method=ValidateHomePage.validatePageLoadedOrNotAndBreadCrumb(java.lang.String, java.lang.String)[pri:1, instance:com.AtmecsAutomation.TestScript.ValidateHomePage@6e75aa0d] output={null}]]]>
              </value>
            </param>
          </params>
          <reporter-output>
          </reporter-output>
        </test-method> <!-- tearDown -->
        <test-method signature="validatePageLoadedOrNotAndBreadCrumb(java.lang.String, java.lang.String)[pri:1, instance:com.AtmecsAutomation.TestScript.ValidateHomePage@6e75aa0d]" started-at="2019-10-03T18:46:11Z" name="validatePageLoadedOrNotAndBreadCrumb" data-provider="moreInfoLink" finished-at="2019-10-03T18:46:17Z" duration-ms="6255" status="PASS">
          <params>
            <param index="0">
              <value>
                <![CDATA[(//a[@class='btn outline-btn'])[2]]]>
              </value>
            </param>
            <param index="1">
              <value>
                <![CDATA[Home › Services › Digital Life › Augmented Reality / Virtual Reality]]>
              </value>
            </param>
          </params>
          <reporter-output>
          </reporter-output>
        </test-method> <!-- validatePageLoadedOrNotAndBreadCrumb -->
        <test-method is-config="true" signature="tearDown(org.testng.ITestResult)[pri:0, instance:com.AtmecsAutomation.TestScript.ValidateHomePage@6e75aa0d]" started-at="2019-10-03T18:46:17Z" name="tearDown" finished-at="2019-10-03T18:46:18Z" duration-ms="1162" status="PASS">
          <params>
            <param index="0">
              <value>
                <![CDATA[[TestResult name=validatePageLoadedOrNotAndBreadCrumb status=SUCCESS method=ValidateHomePage.validatePageLoadedOrNotAndBreadCrumb(java.lang.String, java.lang.String)[pri:1, instance:com.AtmecsAutomation.TestScript.ValidateHomePage@6e75aa0d] output={null}]]]>
              </value>
            </param>
          </params>
          <reporter-output>
          </reporter-output>
        </test-method> <!-- tearDown -->
        <test-method signature="validatePageLoadedOrNotAndBreadCrumb(java.lang.String, java.lang.String)[pri:1, instance:com.AtmecsAutomation.TestScript.ValidateHomePage@6e75aa0d]" started-at="2019-10-03T18:46:18Z" name="validatePageLoadedOrNotAndBreadCrumb" data-provider="moreInfoLink" finished-at="2019-10-03T18:46:26Z" duration-ms="8161" status="PASS">
          <params>
            <param index="0">
              <value>
                <![CDATA[(//a[@class='btn outline-btn'])[3]]]>
              </value>
            </param>
            <param index="1">
              <value>
                <![CDATA[Home › Services › Digital Life › Internet of Things]]>
              </value>
            </param>
          </params>
          <reporter-output>
          </reporter-output>
        </test-method> <!-- validatePageLoadedOrNotAndBreadCrumb -->
        <test-method is-config="true" signature="tearDown(org.testng.ITestResult)[pri:0, instance:com.AtmecsAutomation.TestScript.ValidateHomePage@6e75aa0d]" started-at="2019-10-03T18:46:26Z" name="tearDown" finished-at="2019-10-03T18:46:27Z" duration-ms="1157" status="PASS">
          <params>
            <param index="0">
              <value>
                <![CDATA[[TestResult name=validatePageLoadedOrNotAndBreadCrumb status=SUCCESS method=ValidateHomePage.validatePageLoadedOrNotAndBreadCrumb(java.lang.String, java.lang.String)[pri:1, instance:com.AtmecsAutomation.TestScript.ValidateHomePage@6e75aa0d] output={null}]]]>
              </value>
            </param>
          </params>
          <reporter-output>
          </reporter-output>
        </test-method> <!-- tearDown -->
        <test-method signature="validatePageLoadedOrNotAndBreadCrumb(java.lang.String, java.lang.String)[pri:1, instance:com.AtmecsAutomation.TestScript.ValidateHomePage@6e75aa0d]" started-at="2019-10-03T18:46:27Z" name="validatePageLoadedOrNotAndBreadCrumb" data-provider="moreInfoLink" finished-at="2019-10-03T18:46:33Z" duration-ms="5870" status="PASS">
          <params>
            <param index="0">
              <value>
                <![CDATA[(//a[@class='btn outline-btn'])[4]]]>
              </value>
            </param>
            <param index="1">
              <value>
                <![CDATA[Home › Services › Digital Life › Robotic Process Automation & ChatBOTs]]>
              </value>
            </param>
          </params>
          <reporter-output>
          </reporter-output>
        </test-method> <!-- validatePageLoadedOrNotAndBreadCrumb -->
        <test-method is-config="true" signature="tearDown(org.testng.ITestResult)[pri:0, instance:com.AtmecsAutomation.TestScript.ValidateHomePage@6e75aa0d]" started-at="2019-10-03T18:46:33Z" name="tearDown" finished-at="2019-10-03T18:46:34Z" duration-ms="1017" status="PASS">
          <params>
            <param index="0">
              <value>
                <![CDATA[[TestResult name=validatePageLoadedOrNotAndBreadCrumb status=SUCCESS method=ValidateHomePage.validatePageLoadedOrNotAndBreadCrumb(java.lang.String, java.lang.String)[pri:1, instance:com.AtmecsAutomation.TestScript.ValidateHomePage@6e75aa0d] output={null}]]]>
              </value>
            </param>
          </params>
          <reporter-output>
          </reporter-output>
        </test-method> <!-- tearDown -->
        <test-method signature="validatePageLoadedOrNotAndBreadCrumb(java.lang.String, java.lang.String)[pri:1, instance:com.AtmecsAutomation.TestScript.ValidateHomePage@6e75aa0d]" started-at="2019-10-03T18:46:34Z" name="validatePageLoadedOrNotAndBreadCrumb" data-provider="moreInfoLink" finished-at="2019-10-03T18:46:39Z" duration-ms="5298" status="PASS">
          <params>
            <param index="0">
              <value>
                <![CDATA[(//a[@class='btn outline-btn'])[5]]]>
              </value>
            </param>
            <param index="1">
              <value>
                <![CDATA[Home › Services › Digital Life › Blockchain]]>
              </value>
            </param>
          </params>
          <reporter-output>
          </reporter-output>
        </test-method> <!-- validatePageLoadedOrNotAndBreadCrumb -->
        <test-method is-config="true" signature="tearDown(org.testng.ITestResult)[pri:0, instance:com.AtmecsAutomation.TestScript.ValidateHomePage@6e75aa0d]" started-at="2019-10-03T18:46:39Z" name="tearDown" finished-at="2019-10-03T18:46:40Z" duration-ms="1025" status="PASS">
          <params>
            <param index="0">
              <value>
                <![CDATA[[TestResult name=validatePageLoadedOrNotAndBreadCrumb status=SUCCESS method=ValidateHomePage.validatePageLoadedOrNotAndBreadCrumb(java.lang.String, java.lang.String)[pri:1, instance:com.AtmecsAutomation.TestScript.ValidateHomePage@6e75aa0d] output={null}]]]>
              </value>
            </param>
          </params>
          <reporter-output>
          </reporter-output>
        </test-method> <!-- tearDown -->
        <test-method is-config="true" signature="endReport()[pri:0, instance:com.AtmecsAutomation.TestScript.ValidateHomePage@6e75aa0d]" started-at="2019-10-03T18:46:41Z" name="endReport" finished-at="2019-10-03T18:46:42Z" duration-ms="1406" status="PASS">
          <reporter-output>
          </reporter-output>
        </test-method> <!-- endReport -->
      </class> <!-- com.AtmecsAutomation.TestScript.ValidateHomePage -->
    </test> <!-- Default test -->
  </suite> <!-- Default suite -->
</testng-results>
