<?xml version="1.0" encoding="UTF-8"?>
<testng-results ignored="1" total="7" passed="6" failed="0" skipped="0">
  <reporter-output>
  </reporter-output>
  <suite started-at="2019-10-03T15:07:14Z" name="Suite" finished-at="2019-10-03T15:08:27Z" duration-ms="73334">
    <groups>
    </groups>
    <test started-at="2019-10-03T15:07:14Z" name="Test" finished-at="2019-10-03T15:08:27Z" duration-ms="73334">
      <class name="com.AtmecsAutomation.TestScript.ValidateHomePage">
        <test-method is-config="true" signature="startReport()[pri:0, instance:com.AtmecsAutomation.TestScript.ValidateHomePage@6e75aa0d]" started-at="2019-10-03T20:37:13Z" name="startReport" finished-at="2019-10-03T20:37:14Z" duration-ms="678" status="PASS">
          <reporter-output>
          </reporter-output>
        </test-method> <!-- startReport -->
        <test-method is-config="true" signature="setup()[pri:0, instance:com.AtmecsAutomation.TestScript.ValidateHomePage@6e75aa0d]" started-at="2019-10-03T20:37:14Z" name="setup" finished-at="2019-10-03T20:37:39Z" duration-ms="25280" status="PASS">
          <reporter-output>
          </reporter-output>
        </test-method> <!-- setup -->
        <test-method signature="clickExploreNow()[pri:0, instance:com.AtmecsAutomation.TestScript.ValidateHomePage@6e75aa0d]" started-at="2019-10-03T20:37:39Z" name="clickExploreNow" finished-at="2019-10-03T20:37:48Z" duration-ms="8861" status="PASS">
          <reporter-output>
          </reporter-output>
        </test-method> <!-- clickExploreNow -->
        <test-method is-config="true" signature="tearDown(org.testng.ITestResult)[pri:0, instance:com.AtmecsAutomation.TestScript.ValidateHomePage@6e75aa0d]" started-at="2019-10-03T20:37:48Z" name="tearDown" finished-at="2019-10-03T20:37:50Z" duration-ms="2088" status="PASS">
          <params>
            <param index="0">
              <value>
                <![CDATA[[TestResult name=clickExploreNow status=SUCCESS method=ValidateHomePage.clickExploreNow()[pri:0, instance:com.AtmecsAutomation.TestScript.ValidateHomePage@6e75aa0d] output={null}]]]>
              </value>
            </param>
          </params>
          <reporter-output>
          </reporter-output>
        </test-method> <!-- tearDown -->
        <test-method signature="validatePageLoadedOrNotAndBreadCrumb(java.lang.String, java.lang.String)[pri:1, instance:com.AtmecsAutomation.TestScript.ValidateHomePage@6e75aa0d]" started-at="2019-10-03T20:37:52Z" name="validatePageLoadedOrNotAndBreadCrumb" data-provider="moreInfoLink" finished-at="2019-10-03T20:37:58Z" duration-ms="6084" status="PASS">
          <params>
            <param index="0">
              <value>
                <![CDATA[(//a[@class='btn outline-btn'])[1]]]>
              </value>
            </param>
            <param index="1">
              <value>
                <![CDATA[Home › Services › Digital Life › Artificial Intelligence / Machine Learning]]>
              </value>
            </param>
          </params>
          <reporter-output>
          </reporter-output>
        </test-method> <!-- validatePageLoadedOrNotAndBreadCrumb -->
        <test-method is-config="true" signature="tearDown(org.testng.ITestResult)[pri:0, instance:com.AtmecsAutomation.TestScript.ValidateHomePage@6e75aa0d]" started-at="2019-10-03T20:37:58Z" name="tearDown" finished-at="2019-10-03T20:37:59Z" duration-ms="1280" status="PASS">
          <params>
            <param index="0">
              <value>
                <![CDATA[[TestResult name=validatePageLoadedOrNotAndBreadCrumb status=SUCCESS method=ValidateHomePage.validatePageLoadedOrNotAndBreadCrumb(java.lang.String, java.lang.String)[pri:1, instance:com.AtmecsAutomation.TestScript.ValidateHomePage@6e75aa0d] output={null}]]]>
              </value>
            </param>
          </params>
          <reporter-output>
          </reporter-output>
        </test-method> <!-- tearDown -->
        <test-method signature="validatePageLoadedOrNotAndBreadCrumb(java.lang.String, java.lang.String)[pri:1, instance:com.AtmecsAutomation.TestScript.ValidateHomePage@6e75aa0d]" started-at="2019-10-03T20:37:59Z" name="validatePageLoadedOrNotAndBreadCrumb" data-provider="moreInfoLink" finished-at="2019-10-03T20:38:06Z" duration-ms="7094" status="PASS">
          <params>
            <param index="0">
              <value>
                <![CDATA[(//a[@class='btn outline-btn'])[2]]]>
              </value>
            </param>
            <param index="1">
              <value>
                <![CDATA[Home › Services › Digital Life › Augmented Reality / Virtual Reality]]>
              </value>
            </param>
          </params>
          <reporter-output>
          </reporter-output>
        </test-method> <!-- validatePageLoadedOrNotAndBreadCrumb -->
        <test-method is-config="true" signature="tearDown(org.testng.ITestResult)[pri:0, instance:com.AtmecsAutomation.TestScript.ValidateHomePage@6e75aa0d]" started-at="2019-10-03T20:38:06Z" name="tearDown" finished-at="2019-10-03T20:38:08Z" duration-ms="1178" status="PASS">
          <params>
            <param index="0">
              <value>
                <![CDATA[[TestResult name=validatePageLoadedOrNotAndBreadCrumb status=SUCCESS method=ValidateHomePage.validatePageLoadedOrNotAndBreadCrumb(java.lang.String, java.lang.String)[pri:1, instance:com.AtmecsAutomation.TestScript.ValidateHomePage@6e75aa0d] output={null}]]]>
              </value>
            </param>
          </params>
          <reporter-output>
          </reporter-output>
        </test-method> <!-- tearDown -->
        <test-method signature="validatePageLoadedOrNotAndBreadCrumb(java.lang.String, java.lang.String)[pri:1, instance:com.AtmecsAutomation.TestScript.ValidateHomePage@6e75aa0d]" started-at="2019-10-03T20:38:08Z" name="validatePageLoadedOrNotAndBreadCrumb" data-provider="moreInfoLink" finished-at="2019-10-03T20:38:13Z" duration-ms="5441" status="PASS">
          <params>
            <param index="0">
              <value>
                <![CDATA[(//a[@class='btn outline-btn'])[3]]]>
              </value>
            </param>
            <param index="1">
              <value>
                <![CDATA[Home › Services › Digital Life › Internet of Things]]>
              </value>
            </param>
          </params>
          <reporter-output>
          </reporter-output>
        </test-method> <!-- validatePageLoadedOrNotAndBreadCrumb -->
        <test-method is-config="true" signature="tearDown(org.testng.ITestResult)[pri:0, instance:com.AtmecsAutomation.TestScript.ValidateHomePage@6e75aa0d]" started-at="2019-10-03T20:38:13Z" name="tearDown" finished-at="2019-10-03T20:38:14Z" duration-ms="1120" status="PASS">
          <params>
            <param index="0">
              <value>
                <![CDATA[[TestResult name=validatePageLoadedOrNotAndBreadCrumb status=SUCCESS method=ValidateHomePage.validatePageLoadedOrNotAndBreadCrumb(java.lang.String, java.lang.String)[pri:1, instance:com.AtmecsAutomation.TestScript.ValidateHomePage@6e75aa0d] output={null}]]]>
              </value>
            </param>
          </params>
          <reporter-output>
          </reporter-output>
        </test-method> <!-- tearDown -->
        <test-method signature="validatePageLoadedOrNotAndBreadCrumb(java.lang.String, java.lang.String)[pri:1, instance:com.AtmecsAutomation.TestScript.ValidateHomePage@6e75aa0d]" started-at="2019-10-03T20:38:14Z" name="validatePageLoadedOrNotAndBreadCrumb" data-provider="moreInfoLink" finished-at="2019-10-03T20:38:20Z" duration-ms="5423" status="PASS">
          <params>
            <param index="0">
              <value>
                <![CDATA[(//a[@class='btn outline-btn'])[4]]]>
              </value>
            </param>
            <param index="1">
              <value>
                <![CDATA[Home › Services › Digital Life › Robotic Process Automation & ChatBOTs]]>
              </value>
            </param>
          </params>
          <reporter-output>
          </reporter-output>
        </test-method> <!-- validatePageLoadedOrNotAndBreadCrumb -->
        <test-method is-config="true" signature="tearDown(org.testng.ITestResult)[pri:0, instance:com.AtmecsAutomation.TestScript.ValidateHomePage@6e75aa0d]" started-at="2019-10-03T20:38:20Z" name="tearDown" finished-at="2019-10-03T20:38:21Z" duration-ms="1111" status="PASS">
          <params>
            <param index="0">
              <value>
                <![CDATA[[TestResult name=validatePageLoadedOrNotAndBreadCrumb status=SUCCESS method=ValidateHomePage.validatePageLoadedOrNotAndBreadCrumb(java.lang.String, java.lang.String)[pri:1, instance:com.AtmecsAutomation.TestScript.ValidateHomePage@6e75aa0d] output={null}]]]>
              </value>
            </param>
          </params>
          <reporter-output>
          </reporter-output>
        </test-method> <!-- tearDown -->
        <test-method signature="validatePageLoadedOrNotAndBreadCrumb(java.lang.String, java.lang.String)[pri:1, instance:com.AtmecsAutomation.TestScript.ValidateHomePage@6e75aa0d]" started-at="2019-10-03T20:38:21Z" name="validatePageLoadedOrNotAndBreadCrumb" data-provider="moreInfoLink" finished-at="2019-10-03T20:38:26Z" duration-ms="5521" status="PASS">
          <params>
            <param index="0">
              <value>
                <![CDATA[(//a[@class='btn outline-btn'])[5]]]>
              </value>
            </param>
            <param index="1">
              <value>
                <![CDATA[Home › Services › Digital Life › Blockchain]]>
              </value>
            </param>
          </params>
          <reporter-output>
          </reporter-output>
        </test-method> <!-- validatePageLoadedOrNotAndBreadCrumb -->
        <test-method is-config="true" signature="tearDown(org.testng.ITestResult)[pri:0, instance:com.AtmecsAutomation.TestScript.ValidateHomePage@6e75aa0d]" started-at="2019-10-03T20:38:26Z" name="tearDown" finished-at="2019-10-03T20:38:27Z" duration-ms="958" status="PASS">
          <params>
            <param index="0">
              <value>
                <![CDATA[[TestResult name=validatePageLoadedOrNotAndBreadCrumb status=SUCCESS method=ValidateHomePage.validatePageLoadedOrNotAndBreadCrumb(java.lang.String, java.lang.String)[pri:1, instance:com.AtmecsAutomation.TestScript.ValidateHomePage@6e75aa0d] output={null}]]]>
              </value>
            </param>
          </params>
          <reporter-output>
          </reporter-output>
        </test-method> <!-- tearDown -->
        <test-method is-config="true" signature="endReport()[pri:0, instance:com.AtmecsAutomation.TestScript.ValidateHomePage@6e75aa0d]" started-at="2019-10-03T20:38:27Z" name="endReport" finished-at="2019-10-03T20:38:29Z" duration-ms="1575" status="PASS">
          <reporter-output>
          </reporter-output>
        </test-method> <!-- endReport -->
      </class> <!-- com.AtmecsAutomation.TestScript.ValidateHomePage -->
    </test> <!-- Test -->
  </suite> <!-- Suite -->
</testng-results>
